-------------------------------------------------------------------------------
Test set: TestSuite
-------------------------------------------------------------------------------
Tests run: 4, Failures: 1, Errors: 0, Skipped: 0, Time elapsed: 31.813 sec <<< FAILURE! - in TestSuite
login(suite2.SauceDemoTests)  Time elapsed: 2.493 sec  <<< FAILURE!
java.lang.AssertionError: 
	at suite2.SauceDemoTests.login(SauceDemoTests.java:63)

