<?xml version="1.0" encoding="UTF-8"?>
<testng-results total="2" passed="2" failed="0" skipped="0">
  <reporter-output>
  </reporter-output>
  <suite started-at="2021-09-05T15:27:45Z" name="Default suite" finished-at="2021-09-05T15:28:21Z" duration-ms="35617">
    <groups>
    </groups>
    <test started-at="2021-09-05T15:27:45Z" name="Default test" finished-at="2021-09-05T15:28:21Z" duration-ms="35617">
      <class name="training.FirstSeleniumJavaTest">
        <test-method is-config="true" signature="beforeTest()[pri:0, instance:training.FirstSeleniumJavaTest@30c8681]" started-at="2021-09-05T10:27:45Z" name="beforeTest" finished-at="2021-09-05T10:27:48Z" duration-ms="2843" status="PASS">
          <reporter-output>
          </reporter-output>
        </test-method> <!-- beforeTest -->
        <test-method signature="testEasy()[pri:0, instance:training.FirstSeleniumJavaTest@30c8681]" started-at="2021-09-05T10:27:48Z" name="testEasy" finished-at="2021-09-05T10:28:18Z" duration-ms="29831" status="PASS">
          <reporter-output>
          </reporter-output>
        </test-method> <!-- testEasy -->
        <test-method signature="testTwo()[pri:0, instance:training.FirstSeleniumJavaTest@30c8681]" started-at="2021-09-05T10:28:18Z" name="testTwo" finished-at="2021-09-05T10:28:19Z" duration-ms="1452" status="PASS">
          <reporter-output>
          </reporter-output>
        </test-method> <!-- testTwo -->
        <test-method is-config="true" signature="afterTest()[pri:0, instance:training.FirstSeleniumJavaTest@30c8681]" started-at="2021-09-05T10:28:19Z" name="afterTest" finished-at="2021-09-05T10:28:21Z" duration-ms="1476" status="PASS">
          <reporter-output>
          </reporter-output>
        </test-method> <!-- afterTest -->
      </class> <!-- training.FirstSeleniumJavaTest -->
    </test> <!-- Default test -->
  </suite> <!-- Default suite -->
</testng-results>
